Looking for git in: git
Using git 2.19.1 from git
> git rev-parse --show-toplevel
fatal: not a git repository (or any of the parent directories): .git
> git rev-parse --show-toplevel
> git rev-parse --show-toplevel
> git rev-parse --show-toplevel
fatal: not a git repository (or any of the parent directories): .git
> git rev-parse --show-toplevel
fatal: not a git repository (or any of the parent directories): .git
> git rev-parse --show-toplevel
> git rev-parse --show-toplevel
fatal: not a git repository (or any of the parent directories): .git
> git rev-parse --show-toplevel
fatal: not a git repository (or any of the parent directories): .git
> git rev-parse --show-toplevel
fatal: not a git repository (or any of the parent directories): .git
> git rev-parse --show-toplevel
fatal: not a git repository (or any of the parent directories): .git
> git rev-parse --show-toplevel
fatal: not a git repository (or any of the parent directories): .git
> git rev-parse --show-toplevel
fatal: not a git repository (or any of the parent directories): .git
> git rev-parse --show-toplevel
fatal: not a git repository (or any of the parent directories): .git
> git rev-parse --show-toplevel
fatal: not a git repository (or any of the parent directories): .git
> git rev-parse --show-toplevel
fatal: not a git repository (or any of the parent directories): .git
> git rev-parse --show-toplevel
fatal: not a git repository (or any of the parent directories): .git
> git rev-parse --show-toplevel
fatal: not a git repository (or any of the parent directories): .git
> git rev-parse --show-toplevel
fatal: not a git repository (or any of the parent directories): .git
> git rev-parse --show-toplevel
fatal: not a git repository (or any of the parent directories): .git
> git rev-parse --show-toplevel
> git config --get commit.template
Open repository: /root/Documents/neigbour
> git status -z -u
> git symbolic-ref --short HEAD
> git rev-parse master
fatal: ambiguous argument 'master': unknown revision or path not in the working tree.
Use '--' to separate paths from revisions, like this:
'git <command> [<revision>...] -- [<file>...]'
> git for-each-ref --format %(refname) %(objectname) --sort -committerdate
> git remote --verbose
> git check-ignore -z --stdin
> git show :neighbours/urls.py
> git ls-files --stage -- neighbours/
> git show :neighbours/urls.py
> git ls-files --stage -- neighbours/
> git show :neighbours/urls.py
> git show :neighbours/urls.py
> git show :neighbours/urls.py
> git show :neighbours/urls.py
> git check-ignore -z --stdin
> git show :neighbour/templates/index.html
> git show :neighbour/models.py
> git show :neighbours/settings.py
> git show :neighbour/models.py
> git check-ignore -z --stdin
> git show :neighbour/forms.py
> git ls-files --stage -- neighbour/
> git show :neighbour/forms.py
> git show :neighbour/forms.py
> git show :neighbour/models.py
> git show :neighbour/forms.py
> git show :neighbour/views.py
> git show :neighbour/views.py
> git show :neighbour/views.py
> git show :neighbour/forms.py
> git show :neighbour/views.py
> git check-ignore -z --stdin
> git show :neighbour/templates/signup.html
> git ls-files --stage -- neighbour/templates/
> git check-ignore -z --stdin
> git show :neighbour/templates/base.html
> git ls-files --stage -- neighbour/templates/
> git show :neighbour/templates/base.html
> git show :neighbour/templates/base.html
> git show :neighbour/templates/signup.html
> git show :neighbour/templates/base.html
> git show :neighbour/forms.py
> git show :neighbour/models.py
> git show :neighbour/templates/index.html
> git show :neighbour/forms.py
> git check-ignore -z --stdin
> git show :requirements.txt
> git ls-files --stage -- ./
> git show :neighbour/forms.py
> git show :requirements.txt
> git ls-files --stage -- ./
> git show :neighbour/forms.py
> git show :neighbour/templates/signup.html
> git show :neighbour/urls.py
> git show :neighbour/templates/signup.html
> git show :neighbour/views.py
> git show :neighbour/urls.py
> git show :neighbours/settings.py
> git check-ignore -z --stdin
> git show :neighbour/templates/index.html
> git show :neighbour/templates/signup.html
> git show :neighbour/views.py
> git check-ignore -z --stdin
> git check-ignore -z --stdin
> git show :neighbour/templates/login.html
> git ls-files --stage -- neighbour/templates/
> git show :neighbour/urls.py
> git show :neighbours/urls.py
> git show :neighbour/templates/login.html
> git ls-files --stage -- neighbour/templates/
> git show :neighbour/templates/registration/login.html
> git ls-files --stage -- neighbour/templates/registration/
> git check-ignore -z --stdin
> git show :neighbour/templates/registration/login.html
> git show :neighbour/templates/registration/login.html
> git show :neighbour/templates/registration/login.html
> git show :neighbour/models.py
> git show :neighbour/models.py
> git show :neighbour/models.py
> git show :neighbour/views.py
> git show :neighbour/tests.py
> git show :neighbour/models.py
> git show :neighbour/views.py
> git show :neighbour/models.py
> git show :neighbour/urls.py
> git show :neighbour/models.py
> git show :requirements.txt
> git show :neighbour/models.py
> git show :neighbour/views.py
> git show :neighbour/views.py
> git show :neighbour/views.py
> git show :neighbour/admin.py
> git show :neighbour/models.py
> git show :neighbour/admin.py
> git show :neighbour/admin.py
> git show :neighbour/admin.py
> git show :neighbour/admin.py
> git show :neighbour/admin.py
> git show :neighbour/admin.py
> git show :neighbour/admin.py
> git show :neighbour/admin.py
> git show :neighbour/admin.py
> git show :neighbour/admin.py
> git show :neighbour/admin.py
> git show :neighbour/admin.py
> git show :neighbour/admin.py
> git show :neighbour/admin.py
> git show :neighbour/admin.py
> git show :neighbour/admin.py
> git show :neighbour/admin.py
> git show :neighbour/admin.py
> git show :neighbour/admin.py
> git show :neighbour/admin.py
> git show :neighbour/admin.py
> git show :neighbour/admin.py
> git show :neighbour/admin.py
> git show :neighbour/admin.py
> git show :neighbour/admin.py
> git show :neighbour/admin.py
> git show :neighbour/admin.py
> git show :neighbour/admin.py
> git show :neighbour/admin.py
> git show :neighbour/admin.py
> git show :neighbour/admin.py
> git show :neighbour/admin.py
> git show :neighbour/admin.py
> git show :neighbour/admin.py
> git show :neighbour/admin.py
> git show :neighbour/admin.py
